0 info it worked if it ends with ok
1 verbose cli [ '/usr/local/bin/node', '/usr/local/bin/npm', 'run', 'build' ]
2 info using npm@3.7.3
3 info using node@v5.9.1
4 verbose run-script [ 'prebuild', 'build', 'postbuild' ]
5 info lifecycle retext-cliches@1.0.0~prebuild: retext-cliches@1.0.0
6 silly lifecycle retext-cliches@1.0.0~prebuild: no script for prebuild, continuing
7 info lifecycle retext-cliches@1.0.0~build: retext-cliches@1.0.0
8 verbose lifecycle retext-cliches@1.0.0~build: unsafe-perm in lifecycle true
9 verbose lifecycle retext-cliches@1.0.0~build: PATH: /usr/local/lib/node_modules/npm/bin/node-gyp-bin:/opt/comentarismoanalytics/retext/retext-cliches/node_modules/.bin:/usr/local/bin:/usr/local/lib/node_modules/npm/bin/node-gyp-bin:/opt/comentarismoanalytics/node_modules/.bin:/usr/local/bin:/home/ninja/google-cloud-sdk/bin:/home/ninja/bin:/home/ninja/.local/bin:/home/ninja/bin:/home/ninja/.local/bin:/usr/local/sbin:/usr/local/bin:/usr/sbin:/usr/bin:/sbin:/bin:/usr/games:/usr/local/games:/snap/bin:/opt/nsq/bin:/opt/gocode/bin:/usr/local/go/bin:/opt/gocode/bin:/usr/local/go/bin:/opt/nsq/bin:/opt/java/maven/bin:/opt/kubernetes/kubernetes/client/bin
10 verbose lifecycle retext-cliches@1.0.0~build: CWD: /opt/comentarismoanalytics/retext/retext-cliches
11 silly lifecycle retext-cliches@1.0.0~build: Args: [ '-c',
11 silly lifecycle   'npm run build-md && npm run build-bundle && npm run build-mangle' ]
12 silly lifecycle retext-cliches@1.0.0~build: Returned: code: 1  signal: null
13 info lifecycle retext-cliches@1.0.0~build: Failed to exec build script
14 verbose stack Error: retext-cliches@1.0.0 build: `npm run build-md && npm run build-bundle && npm run build-mangle`
14 verbose stack Exit status 1
14 verbose stack     at EventEmitter.<anonymous> (/usr/local/lib/node_modules/npm/lib/utils/lifecycle.js:239:16)
14 verbose stack     at emitTwo (events.js:100:13)
14 verbose stack     at EventEmitter.emit (events.js:185:7)
14 verbose stack     at ChildProcess.<anonymous> (/usr/local/lib/node_modules/npm/lib/utils/spawn.js:24:14)
14 verbose stack     at emitTwo (events.js:100:13)
14 verbose stack     at ChildProcess.emit (events.js:185:7)
14 verbose stack     at maybeClose (internal/child_process.js:850:16)
14 verbose stack     at Process.ChildProcess._handle.onexit (internal/child_process.js:215:5)
15 verbose pkgid retext-cliches@1.0.0
16 verbose cwd /opt/comentarismoanalytics/retext/retext-cliches
17 error Linux 4.8.0-54-generic
18 error argv "/usr/local/bin/node" "/usr/local/bin/npm" "run" "build"
19 error node v5.9.1
20 error npm  v3.7.3
21 error code ELIFECYCLE
22 error retext-cliches@1.0.0 build: `npm run build-md && npm run build-bundle && npm run build-mangle`
22 error Exit status 1
23 error Failed at the retext-cliches@1.0.0 build script 'npm run build-md && npm run build-bundle && npm run build-mangle'.
23 error Make sure you have the latest version of node.js and npm installed.
23 error If you do, this is most likely a problem with the retext-cliches package,
23 error not with npm itself.
23 error Tell the author that this fails on your system:
23 error     npm run build-md && npm run build-bundle && npm run build-mangle
23 error You can get information on how to open an issue for this project with:
23 error     npm bugs retext-cliches
23 error Or if that isn't available, you can get their info via:
23 error     npm owner ls retext-cliches
23 error There is likely additional logging output above.
24 verbose exit [ 1, true ]
